multiplication.py::test_mult_valid_values PASSED                         [  7%]
multiplication.py::test_mult_zero_values PASSED                          [ 14%]
multiplication.py::test_mult_negative_and_positive_values PASSED         [ 21%]
multiplication.py::test_mult_negative_values PASSED                      [ 28%]
multiplication.py::test_mult_fractional_number PASSED                    [ 35%]
multiplication.py::test_mult_min_value PASSED                            [ 42%]
multiplication.py::test_mult_min_minus_1 PASSED                          [ 50%]
multiplication.py::test_mult_min_plus_1 PASSED                           [ 57%]
multiplication.py::test_mult_max_and_min_values PASSED                   [ 64%]
multiplication.py::test_mult_max_value PASSED                            [ 71%]
multiplication.py::test_mult_max_plus_1 FAILED                           [ 78%]
multiplication.py:34 (test_mult_max_plus_1)
0 != 4

Expected :4
Actual   :0
<Click to see difference>

def test_mult_max_plus_1():
>       assert request_status_code(ResponseEndpoints.multiplication, 2147483648, 2) == ResponseStatusCode.large_value_error.value
E       AssertionError: assert 0 == 4
E        +  where 0 = request_status_code(<ResponseEndpoints.multiplication: 'multiplication'>, 2147483648, 2)
E        +    where <ResponseEndpoints.multiplication: 'multiplication'> = ResponseEndpoints.multiplication
E        +  and   4 = <ResponseStatusCode.large_value_error: 4>.value
E        +    where <ResponseStatusCode.large_value_error: 4> = ResponseStatusCode.large_value_error

multiplication.py:36: AssertionError

multiplication.py::test_mult_max_minus_1 PASSED                          [ 85%]
multiplication.py::test_mult_str PASSED                                  [ 92%]
multiplication.py::test_mult_empty_value PASSED                          [100%]

======================== 1 failed, 13 passed in 28.93s ========================
